<?xml version="1.0" encoding="UTF-8"?>
<!-- Generated by org.testng.reporters.JUnitXMLReporter -->
<testsuite ignored="13" hostname="Khurshid_Alam" failures="0" tests="3" name="Test" time="88.388" errors="0" timestamp="2025-05-01T15:03:58 IST">
  <testcase classname="Contact.CreateContactWithOrgTest" name="createContactWithOrgTest" time="29.764"/>
  <testcase classname="Leads.CreateCompanyWithPhoneNoTest" name="createCompWithPhoneNoTest" time="14.164"/>
  <testcase classname="Organization.CreateOrganizationWithEmpTest" name="createOrgWithEmpTest" time="18.558"/>
  <testcase classname="Generic_Utility.BaseClass" name="@BeforeSuite dbConnection" time="0.0">
    <ignored/>
  </testcase> <!-- @BeforeSuite dbConnection -->
  <testcase classname="Generic_Utility.BaseClass" name="@BeforeSuite dbConnection" time="0.0">
    <ignored/>
  </testcase> <!-- @BeforeSuite dbConnection -->
  <testcase classname="Leads.CreateCompanyTest" name="createCompanyTest" time="0.0">
    <ignored/>
  </testcase> <!-- createCompanyTest -->
  <testcase classname="Contact.CreateContactTest" name="createContectTest" time="0.0">
    <ignored/>
  </testcase> <!-- createContectTest -->
  <testcase classname="Generic_Utility.BaseClass" name="@BeforeSuite dbConnection" time="0.0">
    <ignored/>
  </testcase> <!-- @BeforeSuite dbConnection -->
  <testcase classname="Generic_Utility.BaseClass" name="@AfterSuite closeDBConnection" time="0.0">
    <ignored/>
  </testcase> <!-- @AfterSuite closeDBConnection -->
  <testcase classname="Generic_Utility.BaseClass" name="@BeforeSuite dbConnection" time="0.0">
    <ignored/>
  </testcase> <!-- @BeforeSuite dbConnection -->
  <testcase classname="Generic_Utility.BaseClass" name="@BeforeSuite dbConnection" time="0.0">
    <ignored/>
  </testcase> <!-- @BeforeSuite dbConnection -->
  <testcase classname="Generic_Utility.BaseClass" name="@AfterSuite closeDBConnection" time="0.0">
    <ignored/>
  </testcase> <!-- @AfterSuite closeDBConnection -->
  <testcase classname="Generic_Utility.BaseClass" name="@AfterSuite closeDBConnection" time="0.0">
    <ignored/>
  </testcase> <!-- @AfterSuite closeDBConnection -->
  <testcase classname="Organization.CreateOrgWithTypeTest" name="createOrgWithTypeTest" time="0.0">
    <ignored/>
  </testcase> <!-- createOrgWithTypeTest -->
  <testcase classname="Generic_Utility.BaseClass" name="@AfterSuite closeDBConnection" time="0.0">
    <ignored/>
  </testcase> <!-- @AfterSuite closeDBConnection -->
  <testcase classname="Generic_Utility.BaseClass" name="@AfterSuite closeDBConnection" time="0.0">
    <ignored/>
  </testcase> <!-- @AfterSuite closeDBConnection -->
</testsuite> <!-- Test -->
