<?xml version="1.0" encoding="UTF-8"?>
<!-- Generated by org.testng.reporters.JUnitXMLReporter -->
<testsuite ignored="2" hostname="Khurshid_Alam" failures="0" tests="2" name="TestRunner-2" time="57.186" errors="0" timestamp="2025-05-06T12:43:18 IST">
  <testcase classname="Contact.CreateContactWithSupportDateTest" name="createContactWithSupportDateTest" time="18.394"/>
  <testcase classname="Leads.CreateCompanyWithPhoneNoTest" name="createCompWithPhoneNoTest" time="17.529"/>
  <testcase classname="Generic_Utility.BaseClass" name="@BeforeSuite dbConnection" time="0.0">
    <ignored/>
  </testcase> <!-- @BeforeSuite dbConnection -->
  <testcase classname="Generic_Utility.BaseClass" name="@AfterSuite closeDBConnection" time="0.0">
    <ignored/>
  </testcase> <!-- @AfterSuite closeDBConnection -->
</testsuite> <!-- TestRunner-2 -->
