<?xml version="1.0" encoding="UTF-8"?>
<!-- Generated by org.testng.reporters.JUnitXMLReporter -->
<testsuite ignored="6" hostname="Khurshid_Alam" failures="0" tests="4" name="TestRunner-edge" time="133.811" errors="0" timestamp="2025-05-01T15:12:59 IST">
  <testcase classname="Leads.CreateCompanyWithNoOfEmpTest" name="createCompWithEmpNoTest" time="22.809"/>
  <testcase classname="Contact.CreateContactWithSupportDateTest" name="createContactWithSupportDateTest" time="18.4"/>
  <testcase classname="Leads.CreateCompanyWithPhoneNoTest" name="createCompWithPhoneNoTest" time="19.377"/>
  <testcase classname="Contact.CreateContactWithEmailTest" name="createContactWithEmailTest" time="18.669"/>
  <testcase classname="Generic_Utility.BaseClass" name="@AfterSuite closeDBConnection" time="0.0">
    <ignored/>
  </testcase> <!-- @AfterSuite closeDBConnection -->
  <testcase classname="Generic_Utility.BaseClass" name="@AfterSuite closeDBConnection" time="0.0">
    <ignored/>
  </testcase> <!-- @AfterSuite closeDBConnection -->
  <testcase classname="Generic_Utility.BaseClass" name="@AfterSuite closeDBConnection" time="0.0">
    <ignored/>
  </testcase> <!-- @AfterSuite closeDBConnection -->
  <testcase classname="Generic_Utility.BaseClass" name="@BeforeSuite dbConnection" time="0.0">
    <ignored/>
  </testcase> <!-- @BeforeSuite dbConnection -->
  <testcase classname="Generic_Utility.BaseClass" name="@BeforeSuite dbConnection" time="0.0">
    <ignored/>
  </testcase> <!-- @BeforeSuite dbConnection -->
  <testcase classname="Generic_Utility.BaseClass" name="@BeforeSuite dbConnection" time="0.0">
    <ignored/>
  </testcase> <!-- @BeforeSuite dbConnection -->
</testsuite> <!-- TestRunner-edge -->
