<?xml version="1.0" encoding="UTF-8"?>
<!-- Generated by org.testng.reporters.JUnitXMLReporter -->
<testsuite ignored="2" hostname="Khurshid_Alam" failures="0" tests="2" name="TestRunner-1" time="72.889" errors="0" timestamp="2025-05-06T12:43:33 IST">
  <testcase classname="Contact.CreateContactWithOrgTest" name="createContactWithOrgTest" time="36.644"/>
  <testcase classname="Leads.CreateCompanyWithNoOfEmpTest" name="createCompWithEmpNoTest" time="20.791"/>
  <testcase classname="Generic_Utility.BaseClass" name="@AfterSuite closeDBConnection" time="0.0">
    <ignored/>
  </testcase> <!-- @AfterSuite closeDBConnection -->
  <testcase classname="Generic_Utility.BaseClass" name="@BeforeSuite dbConnection" time="0.0">
    <ignored/>
  </testcase> <!-- @BeforeSuite dbConnection -->
</testsuite> <!-- TestRunner-1 -->
