<?xml version="1.0" encoding="UTF-8"?>
<testng-results ignored="0" total="4" passed="4" failed="0" skipped="0">
  <reporter-output>
  </reporter-output>
  <suite started-at="2025-05-06T12:42:20 IST" name="Suite" finished-at="2025-05-06T12:43:33 IST" duration-ms="72889">
    <groups>
      <group name="SmokeTest">
        <method signature="CreateCompanyWithNoOfEmpTest.createCompWithEmpNoTest()[pri:0, instance:Leads.CreateCompanyWithNoOfEmpTest@1972e513]" name="createCompWithEmpNoTest" class="Leads.CreateCompanyWithNoOfEmpTest"/>
        <method signature="CreateCompanyWithPhoneNoTest.createCompWithPhoneNoTest()[pri:0, instance:Leads.CreateCompanyWithPhoneNoTest@491b9b8]" name="createCompWithPhoneNoTest" class="Leads.CreateCompanyWithPhoneNoTest"/>
      </group> <!-- SmokeTest -->
      <group name="RegressionTest">
        <method signature="CreateContactWithOrgTest.createContactWithOrgTest()[pri:0, instance:Contact.CreateContactWithOrgTest@23e84203]" name="createContactWithOrgTest" class="Contact.CreateContactWithOrgTest"/>
        <method signature="CreateContactWithSupportDateTest.createContactWithSupportDateTest()[pri:0, instance:Contact.CreateContactWithSupportDateTest@79207381]" name="createContactWithSupportDateTest" class="Contact.CreateContactWithSupportDateTest"/>
        <method signature="CreateCompanyWithPhoneNoTest.createCompWithPhoneNoTest()[pri:0, instance:Leads.CreateCompanyWithPhoneNoTest@491b9b8]" name="createCompWithPhoneNoTest" class="Leads.CreateCompanyWithPhoneNoTest"/>
      </group> <!-- RegressionTest -->
    </groups>
    <test started-at="2025-05-06T12:42:20 IST" name="TestRunner-2" finished-at="2025-05-06T12:43:18 IST" duration-ms="57186">
      <class name="Contact.CreateContactWithSupportDateTest">
        <test-method is-config="true" signature="dbConnection()[pri:0, instance:Contact.CreateContactWithSupportDateTest@79207381]" started-at="2025-05-06T12:42:20 IST" name="dbConnection" finished-at="2025-05-06T12:42:20 IST" duration-ms="9" status="PASS">
          <reporter-output>
          </reporter-output>
        </test-method> <!-- dbConnection -->
        <test-method is-config="true" signature="launchBrowser(java.lang.String)[pri:0, instance:Contact.CreateContactWithSupportDateTest@79207381]" started-at="2025-05-06T12:42:20 IST" name="launchBrowser" finished-at="2025-05-06T12:42:23 IST" duration-ms="2932" status="PASS">
          <params>
            <param index="0">
              <value>
                <![CDATA[chrome]]>
              </value>
            </param>
          </params>
          <reporter-output>
          </reporter-output>
        </test-method> <!-- launchBrowser -->
        <test-method is-config="true" signature="loginOperation()[pri:0, instance:Contact.CreateContactWithSupportDateTest@79207381]" started-at="2025-05-06T12:42:23 IST" name="loginOperation" finished-at="2025-05-06T12:42:29 IST" duration-ms="5473" status="PASS">
          <reporter-output>
          </reporter-output>
        </test-method> <!-- loginOperation -->
        <test-method signature="createContactWithSupportDateTest()[pri:0, instance:Contact.CreateContactWithSupportDateTest@79207381]" started-at="2025-05-06T12:42:29 IST" name="createContactWithSupportDateTest" finished-at="2025-05-06T12:42:47 IST" duration-ms="18394" status="PASS">
          <reporter-output>
          </reporter-output>
        </test-method> <!-- createContactWithSupportDateTest -->
        <test-method is-config="true" signature="logoutOperation()[pri:0, instance:Contact.CreateContactWithSupportDateTest@79207381]" started-at="2025-05-06T12:42:47 IST" name="logoutOperation" finished-at="2025-05-06T12:42:50 IST" duration-ms="2851" status="PASS">
          <reporter-output>
          </reporter-output>
        </test-method> <!-- logoutOperation -->
        <test-method is-config="true" signature="closeBrowser()[pri:0, instance:Contact.CreateContactWithSupportDateTest@79207381]" started-at="2025-05-06T12:42:50 IST" name="closeBrowser" finished-at="2025-05-06T12:42:50 IST" duration-ms="1" status="PASS">
          <reporter-output>
          </reporter-output>
        </test-method> <!-- closeBrowser -->
        <test-method is-config="true" signature="closeDBConnection()[pri:0, instance:Contact.CreateContactWithSupportDateTest@79207381]" started-at="2025-05-06T12:43:33 IST" name="closeDBConnection" finished-at="2025-05-06T12:43:33 IST" duration-ms="0" status="PASS">
          <reporter-output>
          </reporter-output>
        </test-method> <!-- closeDBConnection -->
      </class> <!-- Contact.CreateContactWithSupportDateTest -->
      <class name="Leads.CreateCompanyWithPhoneNoTest">
        <test-method is-config="true" signature="launchBrowser(java.lang.String)[pri:0, instance:Leads.CreateCompanyWithPhoneNoTest@491b9b8]" started-at="2025-05-06T12:42:50 IST" name="launchBrowser" finished-at="2025-05-06T12:42:53 IST" duration-ms="2451" status="PASS">
          <params>
            <param index="0">
              <value>
                <![CDATA[chrome]]>
              </value>
            </param>
          </params>
          <reporter-output>
          </reporter-output>
        </test-method> <!-- launchBrowser -->
        <test-method is-config="true" signature="loginOperation()[pri:0, instance:Leads.CreateCompanyWithPhoneNoTest@491b9b8]" started-at="2025-05-06T12:42:53 IST" name="loginOperation" finished-at="2025-05-06T12:42:57 IST" duration-ms="4630" status="PASS">
          <reporter-output>
          </reporter-output>
        </test-method> <!-- loginOperation -->
        <test-method signature="createCompWithPhoneNoTest()[pri:0, instance:Leads.CreateCompanyWithPhoneNoTest@491b9b8]" started-at="2025-05-06T12:42:57 IST" name="createCompWithPhoneNoTest" finished-at="2025-05-06T12:43:15 IST" duration-ms="17529" status="PASS">
          <reporter-output>
          </reporter-output>
        </test-method> <!-- createCompWithPhoneNoTest -->
        <test-method is-config="true" signature="logoutOperation()[pri:0, instance:Leads.CreateCompanyWithPhoneNoTest@491b9b8]" started-at="2025-05-06T12:43:15 IST" name="logoutOperation" finished-at="2025-05-06T12:43:18 IST" duration-ms="2874" status="PASS">
          <reporter-output>
          </reporter-output>
        </test-method> <!-- logoutOperation -->
        <test-method is-config="true" signature="closeBrowser()[pri:0, instance:Leads.CreateCompanyWithPhoneNoTest@491b9b8]" started-at="2025-05-06T12:43:18 IST" name="closeBrowser" finished-at="2025-05-06T12:43:18 IST" duration-ms="0" status="PASS">
          <reporter-output>
          </reporter-output>
        </test-method> <!-- closeBrowser -->
      </class> <!-- Leads.CreateCompanyWithPhoneNoTest -->
    </test> <!-- TestRunner-2 -->
    <test started-at="2025-05-06T12:42:20 IST" name="TestRunner-1" finished-at="2025-05-06T12:43:33 IST" duration-ms="72889">
      <class name="Contact.CreateContactWithOrgTest">
        <test-method is-config="true" signature="launchBrowser(java.lang.String)[pri:0, instance:Contact.CreateContactWithOrgTest@23e84203]" started-at="2025-05-06T12:42:20 IST" name="launchBrowser" finished-at="2025-05-06T12:42:24 IST" duration-ms="3093" status="PASS">
          <params>
            <param index="0">
              <value>
                <![CDATA[chrome]]>
              </value>
            </param>
          </params>
          <reporter-output>
          </reporter-output>
        </test-method> <!-- launchBrowser -->
        <test-method is-config="true" signature="loginOperation()[pri:0, instance:Contact.CreateContactWithOrgTest@23e84203]" started-at="2025-05-06T12:42:24 IST" name="loginOperation" finished-at="2025-05-06T12:42:28 IST" duration-ms="4913" status="PASS">
          <reporter-output>
          </reporter-output>
        </test-method> <!-- loginOperation -->
        <test-method signature="createContactWithOrgTest()[pri:0, instance:Contact.CreateContactWithOrgTest@23e84203]" started-at="2025-05-06T12:42:28 IST" name="createContactWithOrgTest" finished-at="2025-05-06T12:43:05 IST" duration-ms="36644" status="PASS">
          <reporter-output>
          </reporter-output>
        </test-method> <!-- createContactWithOrgTest -->
        <test-method is-config="true" signature="logoutOperation()[pri:0, instance:Contact.CreateContactWithOrgTest@23e84203]" started-at="2025-05-06T12:43:05 IST" name="logoutOperation" finished-at="2025-05-06T12:43:08 IST" duration-ms="2684" status="PASS">
          <reporter-output>
          </reporter-output>
        </test-method> <!-- logoutOperation -->
        <test-method is-config="true" signature="closeBrowser()[pri:0, instance:Contact.CreateContactWithOrgTest@23e84203]" started-at="2025-05-06T12:43:08 IST" name="closeBrowser" finished-at="2025-05-06T12:43:08 IST" duration-ms="0" status="PASS">
          <reporter-output>
          </reporter-output>
        </test-method> <!-- closeBrowser -->
      </class> <!-- Contact.CreateContactWithOrgTest -->
      <class name="Leads.CreateCompanyWithNoOfEmpTest">
        <test-method is-config="true" signature="launchBrowser(java.lang.String)[pri:0, instance:Leads.CreateCompanyWithNoOfEmpTest@1972e513]" started-at="2025-05-06T12:43:08 IST" name="launchBrowser" finished-at="2025-05-06T12:43:10 IST" duration-ms="2019" status="PASS">
          <params>
            <param index="0">
              <value>
                <![CDATA[chrome]]>
              </value>
            </param>
          </params>
          <reporter-output>
          </reporter-output>
        </test-method> <!-- launchBrowser -->
        <test-method is-config="true" signature="loginOperation()[pri:0, instance:Leads.CreateCompanyWithNoOfEmpTest@1972e513]" started-at="2025-05-06T12:43:10 IST" name="loginOperation" finished-at="2025-05-06T12:43:10 IST" duration-ms="217" status="PASS">
          <reporter-output>
          </reporter-output>
        </test-method> <!-- loginOperation -->
        <test-method signature="createCompWithEmpNoTest()[pri:0, instance:Leads.CreateCompanyWithNoOfEmpTest@1972e513]" started-at="2025-05-06T12:43:10 IST" name="createCompWithEmpNoTest" finished-at="2025-05-06T12:43:31 IST" duration-ms="20791" status="PASS">
          <reporter-output>
          </reporter-output>
        </test-method> <!-- createCompWithEmpNoTest -->
        <test-method is-config="true" signature="logoutOperation()[pri:0, instance:Leads.CreateCompanyWithNoOfEmpTest@1972e513]" started-at="2025-05-06T12:43:31 IST" name="logoutOperation" finished-at="2025-05-06T12:43:33 IST" duration-ms="2499" status="PASS">
          <reporter-output>
          </reporter-output>
        </test-method> <!-- logoutOperation -->
        <test-method is-config="true" signature="closeBrowser()[pri:0, instance:Leads.CreateCompanyWithNoOfEmpTest@1972e513]" started-at="2025-05-06T12:43:33 IST" name="closeBrowser" finished-at="2025-05-06T12:43:33 IST" duration-ms="0" status="PASS">
          <reporter-output>
          </reporter-output>
        </test-method> <!-- closeBrowser -->
      </class> <!-- Leads.CreateCompanyWithNoOfEmpTest -->
    </test> <!-- TestRunner-1 -->
  </suite> <!-- Suite -->
</testng-results>
